                                 Started job on |	Apr 15 19:57:05
                             Started mapping on |	Apr 15 19:57:53
                                    Finished on |	Apr 15 19:59:16
       Mapping speed, Million of reads per hour |	845.26

                          Number of input reads |	19487902
                      Average input read length |	97
                                    UNIQUE READS:
                   Uniquely mapped reads number |	17574877
                        Uniquely mapped reads % |	90.18%
                          Average mapped length |	97.02
                       Number of splices: Total |	5181326
            Number of splices: Annotated (sjdb) |	5055113
                       Number of splices: GT/AG |	5129168
                       Number of splices: GC/AG |	37797
                       Number of splices: AT/AC |	3353
               Number of splices: Non-canonical |	11008
                      Mismatch rate per base, % |	0.20%
                         Deletion rate per base |	0.01%
                        Deletion average length |	1.67
                        Insertion rate per base |	0.01%
                       Insertion average length |	1.49
                             MULTI-MAPPING READS:
        Number of reads mapped to multiple loci |	1758560
             % of reads mapped to multiple loci |	9.02%
        Number of reads mapped to too many loci |	13254
             % of reads mapped to too many loci |	0.07%
                                  UNMAPPED READS:
  Number of reads unmapped: too many mismatches |	0
       % of reads unmapped: too many mismatches |	0.00%
            Number of reads unmapped: too short |	130645
                 % of reads unmapped: too short |	0.67%
                Number of reads unmapped: other |	10566
                     % of reads unmapped: other |	0.05%
                                  CHIMERIC READS:
                       Number of chimeric reads |	0
                            % of chimeric reads |	0.00%
