                                 Started job on |	Apr 09 01:39:31
                             Started mapping on |	Apr 09 01:40:03
                                    Finished on |	Apr 09 01:41:37
       Mapping speed, Million of reads per hour |	730.72

                          Number of input reads |	19079906
                      Average input read length |	98
                                    UNIQUE READS:
                   Uniquely mapped reads number |	16890926
                        Uniquely mapped reads % |	88.53%
                          Average mapped length |	98.55
                       Number of splices: Total |	4001053
            Number of splices: Annotated (sjdb) |	3857056
                       Number of splices: GT/AG |	3959208
                       Number of splices: GC/AG |	28901
                       Number of splices: AT/AC |	2513
               Number of splices: Non-canonical |	10431
                      Mismatch rate per base, % |	0.19%
                         Deletion rate per base |	0.01%
                        Deletion average length |	1.73
                        Insertion rate per base |	0.01%
                       Insertion average length |	1.36
                             MULTI-MAPPING READS:
        Number of reads mapped to multiple loci |	1045178
             % of reads mapped to multiple loci |	5.48%
        Number of reads mapped to too many loci |	21676
             % of reads mapped to too many loci |	0.11%
                                  UNMAPPED READS:
  Number of reads unmapped: too many mismatches |	0
       % of reads unmapped: too many mismatches |	0.00%
            Number of reads unmapped: too short |	1108187
                 % of reads unmapped: too short |	5.81%
                Number of reads unmapped: other |	13939
                     % of reads unmapped: other |	0.07%
                                  CHIMERIC READS:
                       Number of chimeric reads |	0
                            % of chimeric reads |	0.00%
