                                 Started job on |	Apr 15 23:11:22
                             Started mapping on |	Apr 15 23:12:05
                                    Finished on |	Apr 15 23:13:31
       Mapping speed, Million of reads per hour |	815.85

                          Number of input reads |	19489728
                      Average input read length |	97
                                    UNIQUE READS:
                   Uniquely mapped reads number |	17805758
                        Uniquely mapped reads % |	91.36%
                          Average mapped length |	97.43
                       Number of splices: Total |	5581488
            Number of splices: Annotated (sjdb) |	5453225
                       Number of splices: GT/AG |	5524804
                       Number of splices: GC/AG |	41053
                       Number of splices: AT/AC |	3965
               Number of splices: Non-canonical |	11666
                      Mismatch rate per base, % |	0.20%
                         Deletion rate per base |	0.01%
                        Deletion average length |	1.70
                        Insertion rate per base |	0.01%
                       Insertion average length |	1.43
                             MULTI-MAPPING READS:
        Number of reads mapped to multiple loci |	1543282
             % of reads mapped to multiple loci |	7.92%
        Number of reads mapped to too many loci |	23858
             % of reads mapped to too many loci |	0.12%
                                  UNMAPPED READS:
  Number of reads unmapped: too many mismatches |	0
       % of reads unmapped: too many mismatches |	0.00%
            Number of reads unmapped: too short |	106361
                 % of reads unmapped: too short |	0.55%
                Number of reads unmapped: other |	10469
                     % of reads unmapped: other |	0.05%
                                  CHIMERIC READS:
                       Number of chimeric reads |	0
                            % of chimeric reads |	0.00%
