                                 Started job on |	Apr 17 11:01:20
                             Started mapping on |	Apr 17 11:01:44
                                    Finished on |	Apr 17 11:03:10
       Mapping speed, Million of reads per hour |	813.32

                          Number of input reads |	19429399
                      Average input read length |	95
                                    UNIQUE READS:
                   Uniquely mapped reads number |	17743475
                        Uniquely mapped reads % |	91.32%
                          Average mapped length |	95.74
                       Number of splices: Total |	5654979
            Number of splices: Annotated (sjdb) |	5609939
                       Number of splices: GT/AG |	5604984
                       Number of splices: GC/AG |	36230
                       Number of splices: AT/AC |	4403
               Number of splices: Non-canonical |	9362
                      Mismatch rate per base, % |	0.15%
                         Deletion rate per base |	0.01%
                        Deletion average length |	1.74
                        Insertion rate per base |	0.01%
                       Insertion average length |	1.34
                             MULTI-MAPPING READS:
        Number of reads mapped to multiple loci |	1547918
             % of reads mapped to multiple loci |	7.97%
        Number of reads mapped to too many loci |	8394
             % of reads mapped to too many loci |	0.04%
                                  UNMAPPED READS:
  Number of reads unmapped: too many mismatches |	0
       % of reads unmapped: too many mismatches |	0.00%
            Number of reads unmapped: too short |	122748
                 % of reads unmapped: too short |	0.63%
                Number of reads unmapped: other |	6864
                     % of reads unmapped: other |	0.04%
                                  CHIMERIC READS:
                       Number of chimeric reads |	0
                            % of chimeric reads |	0.00%
