                                 Started job on |	Apr 16 23:11:17
                             Started mapping on |	Apr 16 23:12:11
                                    Finished on |	Apr 16 23:13:47
       Mapping speed, Million of reads per hour |	726.98

                          Number of input reads |	19386178
                      Average input read length |	96
                                    UNIQUE READS:
                   Uniquely mapped reads number |	17727243
                        Uniquely mapped reads % |	91.44%
                          Average mapped length |	96.37
                       Number of splices: Total |	6489475
            Number of splices: Annotated (sjdb) |	6446351
                       Number of splices: GT/AG |	6435125
                       Number of splices: GC/AG |	40550
                       Number of splices: AT/AC |	4889
               Number of splices: Non-canonical |	8911
                      Mismatch rate per base, % |	0.14%
                         Deletion rate per base |	0.01%
                        Deletion average length |	1.75
                        Insertion rate per base |	0.01%
                       Insertion average length |	1.34
                             MULTI-MAPPING READS:
        Number of reads mapped to multiple loci |	1524217
             % of reads mapped to multiple loci |	7.86%
        Number of reads mapped to too many loci |	5797
             % of reads mapped to too many loci |	0.03%
                                  UNMAPPED READS:
  Number of reads unmapped: too many mismatches |	0
       % of reads unmapped: too many mismatches |	0.00%
            Number of reads unmapped: too short |	124297
                 % of reads unmapped: too short |	0.64%
                Number of reads unmapped: other |	4624
                     % of reads unmapped: other |	0.02%
                                  CHIMERIC READS:
                       Number of chimeric reads |	0
                            % of chimeric reads |	0.00%
