                                 Started job on |	Apr 16 21:03:43
                             Started mapping on |	Apr 16 21:03:59
                                    Finished on |	Apr 16 21:05:29
       Mapping speed, Million of reads per hour |	757.00

                          Number of input reads |	18925008
                      Average input read length |	94
                                    UNIQUE READS:
                   Uniquely mapped reads number |	16552608
                        Uniquely mapped reads % |	87.46%
                          Average mapped length |	94.64
                       Number of splices: Total |	4783360
            Number of splices: Annotated (sjdb) |	4738956
                       Number of splices: GT/AG |	4737352
                       Number of splices: GC/AG |	31934
                       Number of splices: AT/AC |	3950
               Number of splices: Non-canonical |	10124
                      Mismatch rate per base, % |	0.22%
                         Deletion rate per base |	0.01%
                        Deletion average length |	1.74
                        Insertion rate per base |	0.01%
                       Insertion average length |	1.29
                             MULTI-MAPPING READS:
        Number of reads mapped to multiple loci |	1684610
             % of reads mapped to multiple loci |	8.90%
        Number of reads mapped to too many loci |	10804
             % of reads mapped to too many loci |	0.06%
                                  UNMAPPED READS:
  Number of reads unmapped: too many mismatches |	0
       % of reads unmapped: too many mismatches |	0.00%
            Number of reads unmapped: too short |	668407
                 % of reads unmapped: too short |	3.53%
                Number of reads unmapped: other |	8579
                     % of reads unmapped: other |	0.05%
                                  CHIMERIC READS:
                       Number of chimeric reads |	0
                            % of chimeric reads |	0.00%
